true.

true.

true.

true.

true.

true.

false.

false.

false.

false.

true.

Y = bot.

Y = bot.

Y = s(bot).

Y = s(bot).

Y = s(s(s(bot))).

X = s(s(s(bot))).

X = bot.

X = s(bot).

X = bot.

X = s(bot).

X = s(s(s(s(s(bot))))).

Y = s(s(s(s(s(bot))))).

Z = bot.

Z = s(bot).

Z = s(bot).

Z = s(s(bot)).

Z = s(s(s(s(s(s(s(s(bot)))))))).

Z = s(s(s(s(s(s(s(s(bot)))))))).

true 
true 
true 
true.

true.

true.

true.

X = bot 
X = bot 
X = bot 
X = s(bot).

false.

false.

true 
Y = bot 
true 
Y = s(bot).

false.

false.

Z = bot 
Z = bot 
Z = bot 
Z = s(bot).

Z = s(s(s(s(s(s(s(s(s(s(...)))))))))).

Z = s(s(s(s(s(s(s(s(s(s(...)))))))))).

true 
true 
true.

true.

true.

Z = s(bot) 
Z = bot 
Z = s(bot).

Z = s(s(s(s(s(s(s(s(s(bot))))))))).


Z = s(s(s(s(s(s(s(s(bot)))))))).


